Debug mode enabled - will run preview process automatically

Parsing timestamp for: Screenshot 2025-04-05 at 9.25.49 PM.png
Successfully parsed timestamp from filename: 2025-04-05 21:25:49

Parsing timestamp for: Screenshot 2025-04-05 at 9.14.25 PM.png
Successfully parsed timestamp from filename: 2025-04-05 21:14:25

Parsing timestamp for: Screenshot 2025-04-05 at 9.35.58 PM.png
Successfully parsed timestamp from filename: 2025-04-05 21:35:58

Parsing timestamp for: Screenshot 2025-04-05 at 9.34.40 PM.png
Successfully parsed timestamp from filename: 2025-04-05 21:34:40

Parsing timestamp for: Screenshot 2025-04-05 at 9.25.28 PM.png
Successfully parsed timestamp from filename: 2025-04-05 21:25:28

Parsing timestamp for: Screenshot 2025-04-05 at 9.34.46 PM.png
Successfully parsed timestamp from filename: 2025-04-05 21:34:46

Parsing timestamp for: Screenshot 2025-04-05 at 9.13.35 PM.png
Successfully parsed timestamp from filename: 2025-04-05 21:13:35

Parsing timestamp for: Screenshot 2025-04-05 at 9.25.43 PM.png
Successfully parsed timestamp from filename: 2025-04-05 21:25:43

Parsing timestamp for: Screenshot 2025-04-05 at 9.08.38 PM.png
Successfully parsed timestamp from filename: 2025-04-05 21:08:38

Parsing timestamp for: Screenshot 2025-04-05 at 9.18.35 PM.png
Successfully parsed timestamp from filename: 2025-04-05 21:18:35

Parsing timestamp for: Screenshot 2025-04-05 at 9.16.08 PM.png
Successfully parsed timestamp from filename: 2025-04-05 21:16:08

Parsing timestamp for: Screenshot 2025-04-05 at 9.16.20 PM.png
Successfully parsed timestamp from filename: 2025-04-05 21:16:20

Parsing timestamp for: Screenshot 2025-04-05 at 9.15.30 PM.png
Successfully parsed timestamp from filename: 2025-04-05 21:15:30

Parsing timestamp for: Screenshot 2025-04-05 at 9.12.49 PM.png
Successfully parsed timestamp from filename: 2025-04-05 21:12:49

Parsing timestamp for: Screenshot 2025-04-05 at 9.15.53 PM.png
Successfully parsed timestamp from filename: 2025-04-05 21:15:53

Parsing timestamp for: Screenshot 2025-04-05 at 9.34.53 PM.png
Successfully parsed timestamp from filename: 2025-04-05 21:34:53

Parsing timestamp for: Screenshot 2025-04-05 at 9.22.23 PM.png
Successfully parsed timestamp from filename: 2025-04-05 21:22:23

Parsing timestamp for: Screenshot 2025-04-05 at 9.31.56 PM.png
Successfully parsed timestamp from filename: 2025-04-05 21:31:56

Parsing timestamp for: Screenshot 2025-04-05 at 9.35.00 PM.png
Successfully parsed timestamp from filename: 2025-04-05 21:35:00

Parsing timestamp for: Screenshot 2025-04-05 at 9.13.20 PM.png
Successfully parsed timestamp from filename: 2025-04-05 21:13:20

Parsing timestamp for: Screenshot 2025-04-05 at 9.18.51 PM.png
Successfully parsed timestamp from filename: 2025-04-05 21:18:51

Parsing timestamp for: Screenshot 2025-04-05 at 9.18.20 PM.png
Successfully parsed timestamp from filename: 2025-04-05 21:18:20

Parsing timestamp for: Screenshot 2025-04-05 at 9.03.17 PM.png
Successfully parsed timestamp from filename: 2025-04-05 21:03:17

Parsing timestamp for: Screenshot 2025-04-05 at 9.06.59 PM.png
Successfully parsed timestamp from filename: 2025-04-05 21:06:59

Parsing timestamp for: Screenshot 2025-04-05 at 9.16.39 PM.png
Successfully parsed timestamp from filename: 2025-04-05 21:16:39

Parsing timestamp for: Screenshot 2025-04-05 at 9.34.43 PM.png
Successfully parsed timestamp from filename: 2025-04-05 21:34:43

Parsing timestamp for: Screenshot 2025-04-05 at 9.16.27 PM.png
Successfully parsed timestamp from filename: 2025-04-05 21:16:27

Parsing timestamp for: Screenshot 2025-04-05 at 9.22.29 PM.png
Successfully parsed timestamp from filename: 2025-04-05 21:22:29

Parsing timestamp for: Screenshot 2025-04-05 at 9.18.55 PM.png
Successfully parsed timestamp from filename: 2025-04-05 21:18:55

Parsing timestamp for: Screenshot 2025-04-05 at 9.35.53 PM.png
Successfully parsed timestamp from filename: 2025-04-05 21:35:53

Parsing timestamp for: Screenshot 2025-04-05 at 9.08.11 PM.png
Successfully parsed timestamp from filename: 2025-04-05 21:08:11

Parsing timestamp for: Screenshot 2025-04-05 at 9.34.55 PM.png
Successfully parsed timestamp from filename: 2025-04-05 21:34:55

Parsing timestamp for: Screenshot 2025-04-05 at 9.15.47 PM.png
Successfully parsed timestamp from filename: 2025-04-05 21:15:47

Parsing timestamp for: Screenshot 2025-04-05 at 9.23.05 PM.png
Successfully parsed timestamp from filename: 2025-04-05 21:23:05

Parsing timestamp for: Screenshot 2025-04-05 at 9.34.49 PM.png
Successfully parsed timestamp from filename: 2025-04-05 21:34:49

Parsing timestamp for: Screenshot 2025-04-05 at 9.34.57 PM.png
Successfully parsed timestamp from filename: 2025-04-05 21:34:57

Parsing timestamp for: Screenshot 2025-04-05 at 9.31.23 PM.png
Successfully parsed timestamp from filename: 2025-04-05 21:31:23

Parsing timestamp for: Screenshot 2025-04-05 at 9.13.24 PM.png
Successfully parsed timestamp from filename: 2025-04-05 21:13:24

Parsing timestamp for: Screenshot 2025-04-05 at 9.35.16 PM.png
Successfully parsed timestamp from filename: 2025-04-05 21:35:16

Parsing timestamp for: Screenshot 2025-04-05 at 9.35.51 PM.png
Successfully parsed timestamp from filename: 2025-04-05 21:35:51

Parsing timestamp for: Screenshot 2025-04-05 at 9.35.43 PM.png
Successfully parsed timestamp from filename: 2025-04-05 21:35:43

=== Starting PDF Layout Optimization ===
Total area: 93270580.0, Target per page: 46635290.0

Starting page 1
Placing Screenshot 2025-04-05 at 9.34.40 PM.png at (5.0, -763.0)

Starting page 2
Placing Screenshot 2025-04-05 at 9.34.43 PM.png at (5.0, -763.0)

Starting page 3
Placing Screenshot 2025-04-05 at 9.34.46 PM.png at (5.0, -763.0)

Starting page 4
Placing Screenshot 2025-04-05 at 9.34.49 PM.png at (5.0, -763.0)

Starting page 5
Placing Screenshot 2025-04-05 at 9.34.53 PM.png at (5.0, -763.0)

Starting page 6
Placing Screenshot 2025-04-05 at 9.34.55 PM.png at (5.0, -763.0)

Starting page 7
Placing Screenshot 2025-04-05 at 9.34.57 PM.png at (5.0, -763.0)

Starting page 8
Placing Screenshot 2025-04-05 at 9.35.00 PM.png at (5.0, -763.0)

Starting page 9
Placing Screenshot 2025-04-05 at 9.35.16 PM.png at (5.0, -763.0)

Starting page 10
Placing Screenshot 2025-04-05 at 9.35.43 PM.png at (5.0, -763.0)

Starting page 11
Placing Screenshot 2025-04-05 at 9.35.51 PM.png at (5.0, -763.0)

Starting page 12
Placing Screenshot 2025-04-05 at 9.35.53 PM.png at (5.0, -763.0)

Starting page 13
Placing Screenshot 2025-04-05 at 9.35.58 PM.png at (5.0, -763.0)

Starting page 14
Placing Screenshot 2025-04-05 at 9.08.38 PM.png at (5.0, -701.0)

Starting page 15
Placing Screenshot 2025-04-05 at 9.25.28 PM.png at (5.0, -677.0)

Starting page 16
Placing Screenshot 2025-04-05 at 9.12.49 PM.png at (5.0, -667.0)

Starting page 17
Placing Screenshot 2025-04-05 at 9.06.59 PM.png at (5.0, -653.0)

Starting page 18
Placing Screenshot 2025-04-05 at 9.25.49 PM.png at (5.0, -653.0)

Starting page 19
Placing Screenshot 2025-04-05 at 9.23.05 PM.png at (5.0, -649.0)

Starting page 20
Placing Screenshot 2025-04-05 at 9.16.39 PM.png at (5.0, -637.0)

Starting page 21
Placing Screenshot 2025-04-05 at 9.25.43 PM.png at (5.0, -605.0)

Starting page 22
Placing Screenshot 2025-04-05 at 9.14.25 PM.png at (5.0, -533.0)

Starting page 23
Placing Screenshot 2025-04-05 at 9.22.23 PM.png at (5.0, -519.0)

Starting page 24
Placing Screenshot 2025-04-05 at 9.03.17 PM.png at (5.0, -505.0)

Starting page 25
Placing Screenshot 2025-04-05 at 9.22.29 PM.png at (5.0, -453.0)

Starting page 26
Placing Screenshot 2025-04-05 at 9.13.35 PM.png at (5.0, -381.0)

Starting page 27
Placing Screenshot 2025-04-05 at 9.18.20 PM.png at (5.0, -335.0)

Starting page 28
Placing Screenshot 2025-04-05 at 9.31.56 PM.png at (5.0, -307.0)

Starting page 29
Placing Screenshot 2025-04-05 at 9.08.11 PM.png at (5.0, -275.0)

Starting page 30
Placing Screenshot 2025-04-05 at 9.18.51 PM.png at (5.0, -237.0)

Starting page 31
Placing Screenshot 2025-04-05 at 9.18.55 PM.png at (5.0, -237.0)

Starting page 32
Placing Screenshot 2025-04-05 at 9.31.23 PM.png at (5.0, -125.0)
Placing Screenshot 2025-04-05 at 9.16.08 PM.png at (5.0, -629.0)

Starting page 33
Placing Screenshot 2025-04-05 at 9.13.20 PM.png at (5.0, 501.0)
Placing Screenshot 2025-04-05 at 9.13.24 PM.png at (5.0, 215.0)
Placing Screenshot 2025-04-05 at 9.16.20 PM.png at (5.0, -67.0)

Starting page 34
Placing Screenshot 2025-04-05 at 9.16.27 PM.png at (5.0, 505.0)
Placing Screenshot 2025-04-05 at 9.15.47 PM.png at (5.0, 259.0)
Placing Screenshot 2025-04-05 at 9.18.35 PM.png at (5.0, 15.0)
Placing Screenshot 2025-04-05 at 9.15.53 PM.png at (5.0, -227.0)

Starting page 35
Placing Screenshot 2025-04-05 at 9.15.30 PM.png at (5.0, 599.0)
